# JRE version: OpenJDK Runtime Environment (8.0_152-b01) (build 1.8.0_152-release-1248-b01)
# Java VM: OpenJDK 64-Bit Server VM (25.152-b01 mixed mode windows-amd64 compressed oops)
Heap:
 PSYoungGen      total 487424K, used 147218K [0x00000000e0000000, 0x00000000ffd00000, 0x0000000100000000)
  eden space 453120K, 31% used [0x00000000e0000000,0x00000000e8a9ddc0,0x00000000fba80000)
  from space 34304K, 15% used [0x00000000fdb80000,0x00000000fe0a6bd8,0x00000000ffd00000)
  to   space 33792K, 0% used [0x00000000fba80000,0x00000000fba80000,0x00000000fdb80000)
 ParOldGen       total 184320K, used 96453K [0x00000000a0000000, 0x00000000ab400000, 0x00000000e0000000)
  object space 184320K, 52% used [0x00000000a0000000,0x00000000a5e314a8,0x00000000ab400000)
 Metaspace       used 122018K, capacity 129914K, committed 130472K, reserved 1163264K
  class space    used 15019K, capacity 16423K, committed 16560K, reserved 1048576K
GC Heap History (10 events):
Event: 26074.985 GC heap before
{Heap before GC invocations=117 (full 5):
 PSYoungGen      total 479744K, used 446263K [0x00000000e0000000, 0x00000000ffd00000, 0x0000000100000000)
  eden space 439296K, 100% used [0x00000000e0000000,0x00000000fad00000,0x00000000fad00000)
  from space 40448K, 17% used [0x00000000fad00000,0x00000000fb3cde98,0x00000000fd480000)
  to   space 39424K, 0% used [0x00000000fd680000,0x00000000fd680000,0x00000000ffd00000)
 ParOldGen       total 184320K, used 91499K [0x00000000a0000000, 0x00000000ab400000, 0x00000000e0000000)
  object space 184320K, 49% used [0x00000000a0000000,0x00000000a595ad40,0x00000000ab400000)
 Metaspace       used 121934K, capacity 129850K, committed 130472K, reserved 1163264K
  class space    used 15018K, capacity 16423K, committed 16560K, reserved 1048576K
Event: 26074.994 GC heap after
Heap after GC invocations=117 (full 5):
 PSYoungGen      total 482816K, used 5919K [0x00000000e0000000, 0x00000000ffd00000, 0x0000000100000000)
  eden space 443392K, 0% used [0x00000000e0000000,0x00000000e0000000,0x00000000fb100000)
  from space 39424K, 15% used [0x00000000fd680000,0x00000000fdc47cf0,0x00000000ffd00000)
  to   space 38400K, 0% used [0x00000000fb100000,0x00000000fb100000,0x00000000fd680000)
 ParOldGen       total 184320K, used 92966K [0x00000000a0000000, 0x00000000ab400000, 0x00000000e0000000)
  object space 184320K, 50% used [0x00000000a0000000,0x00000000a5ac99b0,0x00000000ab400000)
 Metaspace       used 121934K, capacity 129850K, committed 130472K, reserved 1163264K
  class space    used 15018K, capacity 16423K, committed 16560K, reserved 1048576K
}
Event: 26075.540 GC heap before
{Heap before GC invocations=118 (full 5):
 PSYoungGen      total 482816K, used 449311K [0x00000000e0000000, 0x00000000ffd00000, 0x0000000100000000)
  eden space 443392K, 100% used [0x00000000e0000000,0x00000000fb100000,0x00000000fb100000)
  from space 39424K, 15% used [0x00000000fd680000,0x00000000fdc47cf0,0x00000000ffd00000)
  to   space 38400K, 0% used [0x00000000fb100000,0x00000000fb100000,0x00000000fd680000)
 ParOldGen       total 184320K, used 92966K [0x00000000a0000000, 0x00000000ab400000, 0x00000000e0000000)
  object space 184320K, 50% used [0x00000000a0000000,0x00000000a5ac99b0,0x00000000ab400000)
 Metaspace       used 121941K, capacity 129850K, committed 130472K, reserved 1163264K
  class space    used 15018K, capacity 16423K, committed 16560K, reserved 1048576K
Event: 26075.554 GC heap after
Heap after GC invocations=118 (full 5):
 PSYoungGen      total 481792K, used 7294K [0x00000000e0000000, 0x00000000ffd00000, 0x0000000100000000)
  eden space 443392K, 0% used [0x00000000e0000000,0x00000000e0000000,0x00000000fb100000)
  from space 38400K, 18% used [0x00000000fb100000,0x00000000fb81fbd8,0x00000000fd680000)
  to   space 37376K, 0% used [0x00000000fd880000,0x00000000fd880000,0x00000000ffd00000)
 ParOldGen       total 184320K, used 93916K [0x00000000a0000000, 0x00000000ab400000, 0x00000000e0000000)
  object space 184320K, 50% used [0x00000000a0000000,0x00000000a5bb7330,0x00000000ab400000)
 Metaspace       used 121941K, capacity 129850K, committed 130472K, reserved 1163264K
  class space    used 15018K, capacity 16423K, committed 16560K, reserved 1048576K
}
Event: 26076.624 GC heap before
{Heap before GC invocations=119 (full 5):
 PSYoungGen      total 481792K, used 450686K [0x00000000e0000000, 0x00000000ffd00000, 0x0000000100000000)
  eden space 443392K, 100% used [0x00000000e0000000,0x00000000fb100000,0x00000000fb100000)
  from space 38400K, 18% used [0x00000000fb100000,0x00000000fb81fbd8,0x00000000fd680000)
  to   space 37376K, 0% used [0x00000000fd880000,0x00000000fd880000,0x00000000ffd00000)
 ParOldGen       total 184320K, used 93916K [0x00000000a0000000, 0x00000000ab400000, 0x00000000e0000000)
  object space 184320K, 50% used [0x00000000a0000000,0x00000000a5bb7330,0x00000000ab400000)
 Metaspace       used 121957K, capacity 129850K, committed 130472K, reserved 1163264K
  class space    used 15019K, capacity 16423K, committed 16560K, reserved 1048576K
Event: 26076.635 GC heap after
Heap after GC invocations=119 (full 5):
 PSYoungGen      total 484352K, used 6744K [0x00000000e0000000, 0x00000000ffc00000, 0x0000000100000000)
  eden space 448000K, 0% used [0x00000000e0000000,0x00000000e0000000,0x00000000fb580000)
  from space 36352K, 18% used [0x00000000fd880000,0x00000000fdf163b0,0x00000000ffc00000)
  to   space 35840K, 0% used [0x00000000fb580000,0x00000000fb580000,0x00000000fd880000)
 ParOldGen       total 184320K, used 94936K [0x00000000a0000000, 0x00000000ab400000, 0x00000000e0000000)
  object space 184320K, 51% used [0x00000000a0000000,0x00000000a5cb61a8,0x00000000ab400000)
 Metaspace       used 121957K, capacity 129850K, committed 130472K, reserved 1163264K
  class space    used 15019K, capacity 16423K, committed 16560K, reserved 1048576K
}
Event: 26077.112 GC heap before
{Heap before GC invocations=120 (full 5):
 PSYoungGen      total 484352K, used 454744K [0x00000000e0000000, 0x00000000ffc00000, 0x0000000100000000)
  eden space 448000K, 100% used [0x00000000e0000000,0x00000000fb580000,0x00000000fb580000)
  from space 36352K, 18% used [0x00000000fd880000,0x00000000fdf163b0,0x00000000ffc00000)
  to   space 35840K, 0% used [0x00000000fb580000,0x00000000fb580000,0x00000000fd880000)
 ParOldGen       total 184320K, used 94936K [0x00000000a0000000, 0x00000000ab400000, 0x00000000e0000000)
  object space 184320K, 51% used [0x00000000a0000000,0x00000000a5cb61a8,0x00000000ab400000)
 Metaspace       used 121977K, capacity 129850K, committed 130472K, reserved 1163264K
  class space    used 15019K, capacity 16423K, committed 16560K, reserved 1048576K
Event: 26077.123 GC heap after
Heap after GC invocations=120 (full 5):
 PSYoungGen      total 483840K, used 6618K [0x00000000e0000000, 0x00000000ffd80000, 0x0000000100000000)
  eden space 448000K, 0% used [0x00000000e0000000,0x00000000e0000000,0x00000000fb580000)
  from space 35840K, 18% used [0x00000000fb580000,0x00000000fbbf6a78,0x00000000fd880000)
  to   space 34816K, 0% used [0x00000000fdb80000,0x00000000fdb80000,0x00000000ffd80000)
 ParOldGen       total 184320K, used 96381K [0x00000000a0000000, 0x00000000ab400000, 0x00000000e0000000)
  object space 184320K, 52% used [0x00000000a0000000,0x00000000a5e1f498,0x00000000ab400000)
 Metaspace       used 121977K, capacity 129850K, committed 130472K, reserved 1163264K
  class space    used 15019K, capacity 16423K, committed 16560K, reserved 1048576K
}
Event: 26077.822 GC heap before
{Heap before GC invocations=121 (full 5):
 PSYoungGen      total 483840K, used 454618K [0x00000000e0000000, 0x00000000ffd80000, 0x0000000100000000)
  eden space 448000K, 100% used [0x00000000e0000000,0x00000000fb580000,0x00000000fb580000)
  from space 35840K, 18% used [0x00000000fb580000,0x00000000fbbf6a78,0x00000000fd880000)
  to   space 34816K, 0% used [0x00000000fdb80000,0x00000000fdb80000,0x00000000ffd80000)
 ParOldGen       total 184320K, used 96381K [0x00000000a0000000, 0x00000000ab400000, 0x00000000e0000000)
  object space 184320K, 52% used [0x00000000a0000000,0x00000000a5e1f498,0x00000000ab400000)
 Metaspace       used 122015K, capacity 129914K, committed 130472K, reserved 1163264K
  class space    used 15019K, capacity 16423K, committed 16560K, reserved 1048576K
Event: 26077.834 GC heap after
Heap after GC invocations=121 (full 5):
 PSYoungGen      total 487424K, used 5274K [0x00000000e0000000, 0x00000000ffd00000, 0x0000000100000000)
  eden space 453120K, 0% used [0x00000000e0000000,0x00000000e0000000,0x00000000fba80000)
  from space 34304K, 15% used [0x00000000fdb80000,0x00000000fe0a6bd8,0x00000000ffd00000)
  to   space 33792K, 0% used [0x00000000fba80000,0x00000000fba80000,0x00000000fdb80000)
 ParOldGen       total 184320K, used 96453K [0x00000000a0000000, 0x00000000ab400000, 0x00000000e0000000)
  object space 184320K, 52% used [0x00000000a0000000,0x00000000a5e314a8,0x00000000ab400000)
 Metaspace       used 122015K, capacity 129914K, committed 130472K, reserved 1163264K
  class space    used 15019K, capacity 16423K, committed 16560K, reserved 1048576K
}

